Content-Type: text/plain; charset="utf-8"
MIME-Version: 1.0
Content-Transfer-Encoding: 8bit
Subject: =?utf-8?q?Contrase=C3=B1a_restablecida_en_127=2E0=2E0=2E1=3A8000?=
From: webmaster@localhost
To: feuribe@gmail.com
Date: Fri, 02 Sep 2022 19:31:16 -0000
Message-ID: 
 <166214707627.77498.15319537942532163069@1.0.0.0.0.0.0.0.0.0.0.0.0.0.0.0.0.0.0.0.0.0.0.0.0.0.0.0.0.0.0.0.ip6.arpa>


Ha recibido este correo electrónico porque ha solicitado restablecer la contraseña para su cuenta en 127.0.0.1:8000.

Por favor, vaya a la página siguiente y escoja una nueva contraseña.

http://127.0.0.1:8000/accounts/reset/MQ/bb5284-77b4c5818422afd55f87c3652e4325b1/

Su nombre de usuario, en caso de que lo haya olvidado: furibe

¡Gracias por usar nuestro sitio!

El equipo de 127.0.0.1:8000



-------------------------------------------------------------------------------
Content-Type: text/plain; charset="utf-8"
MIME-Version: 1.0
Content-Transfer-Encoding: 8bit
Subject: =?utf-8?q?Contrase=C3=B1a_restablecida_en_127=2E0=2E0=2E1=3A8000?=
From: webmaster@localhost
To: feuribe@gmail.com
Date: Fri, 02 Sep 2022 19:31:16 -0000
Message-ID: 
 <166214707627.77498.5860647420910640656@1.0.0.0.0.0.0.0.0.0.0.0.0.0.0.0.0.0.0.0.0.0.0.0.0.0.0.0.0.0.0.0.ip6.arpa>


Ha recibido este correo electrónico porque ha solicitado restablecer la contraseña para su cuenta en 127.0.0.1:8000.

Por favor, vaya a la página siguiente y escoja una nueva contraseña.

http://127.0.0.1:8000/accounts/reset/NQ/bb5284-a65f71c03aab50da89a4f47067561fc3/

Su nombre de usuario, en caso de que lo haya olvidado: maria

¡Gracias por usar nuestro sitio!

El equipo de 127.0.0.1:8000



-------------------------------------------------------------------------------
